#
# There is insufficient memory for the Java Runtime Environment to continue.
# Native memory allocation (mmap) failed to map 132120576 bytes for G1 virtual space
# Possible reasons:
#   The system is out of physical RAM or swap space
#   The process is running with CompressedOops enabled, and the Java Heap may be blocking the growth of the native heap
# Possible solutions:
#   Reduce memory load on the system
#   Increase physical memory or swap space
#   Check if swap backing store is full
#   Decrease Java heap size (-Xmx/-Xms)
#   Decrease number of Java threads
#   Decrease Java thread stack sizes (-Xss)
#   Set larger code cache with -XX:ReservedCodeCacheSize=
#   JVM is running with Unscaled Compressed Oops mode in which the Java heap is
#     placed in the first 4GB address space. The Java Heap base address is the
#     maximum limit for the native heap growth. Please use -XX:HeapBaseMinAddress
#     to set the Java Heap base and to place the Java Heap above 4GB virtual address.
# This output file may be truncated or incomplete.
#
#  Out of Memory Error (os_windows.cpp:3825), pid=16228, tid=7064
#
# JRE version:  (17.0.10+1) (build )
# Java VM: OpenJDK 64-Bit Server VM (17.0.10+1-b1087.17, mixed mode, sharing, tiered, compressed oops, compressed class ptrs, g1 gc, windows-amd64)
# No core dump will be written. Minidumps are not enabled by default on client versions of Windows
#

---------------  S U M M A R Y ------------

Command Line: git4idea.http.GitAskPassApp Username for 'https://github.com': 

Host: 11th Gen Intel(R) Core(TM) i5-1135G7 @ 2.40GHz, 8 cores, 7G,  Windows 11 , 64 bit Build 22621 (10.0.22621.3085)
Time: Sun Mar  3 16:37:49 2024 GTB Standard Time elapsed time: 0.006041 seconds (0d 0h 0m 0s)

---------------  T H R E A D  ---------------

Current thread (0x0000024296c6e840):  JavaThread "Unknown thread" [_thread_in_vm, id=7064, stack(0x000000c908000000,0x000000c908100000)]

Stack: [0x000000c908000000,0x000000c908100000]
Native frames: (J=compiled Java code, j=interpreted, Vv=VM code, C=native code)
V  [jvm.dll+0x688ac9]
V  [jvm.dll+0x84220a]
V  [jvm.dll+0x843e4e]
V  [jvm.dll+0x8444b3]
V  [jvm.dll+0x24ba8f]
V  [jvm.dll+0x685899]
V  [jvm.dll+0x67a14a]
V  [jvm.dll+0x30c7eb]
V  [jvm.dll+0x313c96]
V  [jvm.dll+0x363a2e]
V  [jvm.dll+0x363c5f]
V  [jvm.dll+0x2e25b8]
V  [jvm.dll+0x2e3524]
V  [jvm.dll+0x812d71]
V  [jvm.dll+0x3718e1]
V  [jvm.dll+0x7f18d6]
V  [jvm.dll+0x3f553f]
V  [jvm.dll+0x3f7171]
C  [jli.dll+0x528f]
C  [ucrtbase.dll+0x29363]
C  [KERNEL32.DLL+0x1257d]
C  [ntdll.dll+0x5aa58]


---------------  P R O C E S S  ---------------

Threads class SMR info:
_java_thread_list=0x00007ffaf7f2ef58, length=0, elements={
}

Java Threads: ( => current thread )

Other Threads:
  0x0000024296cc6290 GCTaskThread "GC Thread#0" [stack: 0x000000c908100000,0x000000c908200000] [id=10848]
  0x0000024296cd6ba0 ConcurrentGCThread "G1 Main Marker" [stack: 0x000000c908200000,0x000000c908300000] [id=9564]
  0x0000024296cd75c0 ConcurrentGCThread "G1 Conc#0" [stack: 0x000000c908300000,0x000000c908400000] [id=6244]

[error occurred during error reporting (printing all threads), id 0xc0000005, EXCEPTION_ACCESS_VIOLATION (0xc0000005) at pc=0x00007ffaf76e3187]

VM state: not at safepoint (not fully initialized)

VM Mutex/Monitor currently owned by a thread:  ([mutex/lock_event])
[0x0000024296c6c270] Heap_lock - owner thread: 0x0000024296c6e840

Heap address: 0x0000000083200000, size: 1998 MB, Compressed Oops mode: 32-bit

CDS archive(s) mapped at: [0x0000000000000000-0x0000000000000000-0x0000000000000000), size 0, SharedBaseAddress: 0x0000000800000000, ArchiveRelocationMode: 1.
Narrow klass base: 0x0000000000000000, Narrow klass shift: 0, Narrow klass range: 0x0

GC Precious Log:
<Empty>

Heap:
 garbage-first heap   total 0K, used 0K [0x0000000083200000, 0x0000000100000000)
  region size 1024K, 0 young (0K), 0 survivors (0K)
 Metaspace       used 0K, committed 0K, reserved 0K
  class space    used 0K, committed 0K, reserved 0K

Heap Regions: E=young(eden), S=young(survivor), O=old, HS=humongous(starts), HC=humongous(continues), CS=collection set, F=free, OA=open archive, CA=closed archive, TAMS=top-at-mark-start (previous, next)

Card table byte_map: [0x00000242a9b00000,0x00000242a9ef0000] _byte_map_base: 0x00000242a96e7000

Marking Bits (Prev, Next): (CMBitMap*) 0x0000024296cc68b0, (CMBitMap*) 0x0000024296cc68f0
 Prev Bits: [0x00000242aa2e0000, 0x00000242ac218000)
 Next Bits: [0x00000242ac220000, 0x00000242ae158000)

GC Heap History (0 events):
No events

Dll operation events (1 events):
Event: 0.004 Loaded shared library D:\IntelliJ IDEA Community Edition 2023.3.4\jbr\bin\java.dll

Deoptimization events (0 events):
No events

Classes unloaded (0 events):
No events

Classes redefined (0 events):
No events

Internal exceptions (0 events):
No events

VM Operations (0 events):
No events

Events (0 events):
No events


Dynamic libraries:
0x00007ff7dff30000 - 0x00007ff7dff3a000 	D:\IntelliJ IDEA Community Edition 2023.3.4\jbr\bin\java.exe
0x00007ffb743f0000 - 0x00007ffb74607000 	C:\WINDOWS\SYSTEM32\ntdll.dll
0x00007ffb72c50000 - 0x00007ffb72d14000 	C:\WINDOWS\System32\KERNEL32.DLL
0x00007ffb71b80000 - 0x00007ffb71f26000 	C:\WINDOWS\System32\KERNELBASE.dll
0x00007ffb71760000 - 0x00007ffb71871000 	C:\WINDOWS\System32\ucrtbase.dll
0x00007ffb63370000 - 0x00007ffb63387000 	D:\IntelliJ IDEA Community Edition 2023.3.4\jbr\bin\jli.dll
0x00007ffb52c60000 - 0x00007ffb52c7b000 	D:\IntelliJ IDEA Community Edition 2023.3.4\jbr\bin\VCRUNTIME140.dll
0x00007ffb73400000 - 0x00007ffb735ae000 	C:\WINDOWS\System32\USER32.dll
0x00007ffb698f0000 - 0x00007ffb69b83000 	C:\WINDOWS\WinSxS\amd64_microsoft.windows.common-controls_6595b64144ccf1df_6.0.22621.2506_none_270c5ae97388e100\COMCTL32.dll
0x00007ffb71fa0000 - 0x00007ffb71fc6000 	C:\WINDOWS\System32\win32u.dll
0x00007ffb72360000 - 0x00007ffb72407000 	C:\WINDOWS\System32\msvcrt.dll
0x00007ffb73660000 - 0x00007ffb73689000 	C:\WINDOWS\System32\GDI32.dll
0x00007ffb71880000 - 0x00007ffb71998000 	C:\WINDOWS\System32\gdi32full.dll
0x00007ffb71a20000 - 0x00007ffb71aba000 	C:\WINDOWS\System32\msvcp_win.dll
0x00007ffb72270000 - 0x00007ffb722a1000 	C:\WINDOWS\System32\IMM32.DLL
0x00007ffb63180000 - 0x00007ffb6318c000 	D:\IntelliJ IDEA Community Edition 2023.3.4\jbr\bin\vcruntime140_1.dll
0x00007ffb19c60000 - 0x00007ffb19ced000 	D:\IntelliJ IDEA Community Edition 2023.3.4\jbr\bin\msvcp140.dll
0x00007ffaf73f0000 - 0x00007ffaf8073000 	D:\IntelliJ IDEA Community Edition 2023.3.4\jbr\bin\server\jvm.dll
0x00007ffb72a90000 - 0x00007ffb72b43000 	C:\WINDOWS\System32\ADVAPI32.dll
0x00007ffb735b0000 - 0x00007ffb73658000 	C:\WINDOWS\System32\sechost.dll
0x00007ffb71730000 - 0x00007ffb71758000 	C:\WINDOWS\System32\bcrypt.dll
0x00007ffb741d0000 - 0x00007ffb742e7000 	C:\WINDOWS\System32\RPCRT4.dll
0x00007ffb70f90000 - 0x00007ffb70fdd000 	C:\WINDOWS\SYSTEM32\POWRPROF.dll
0x00007ffb6f4f0000 - 0x00007ffb6f524000 	C:\WINDOWS\SYSTEM32\WINMM.dll
0x00007ffb635e0000 - 0x00007ffb635e9000 	C:\WINDOWS\SYSTEM32\WSOCK32.dll
0x00007ffb721f0000 - 0x00007ffb72261000 	C:\WINDOWS\System32\WS2_32.dll
0x00007ffb698e0000 - 0x00007ffb698ea000 	C:\WINDOWS\SYSTEM32\VERSION.dll
0x00007ffb70f70000 - 0x00007ffb70f83000 	C:\WINDOWS\SYSTEM32\UMPDC.dll
0x00007ffb70770000 - 0x00007ffb70788000 	C:\WINDOWS\SYSTEM32\kernel.appcore.dll
0x00007ffb6dbd0000 - 0x00007ffb6dbda000 	D:\IntelliJ IDEA Community Edition 2023.3.4\jbr\bin\jimage.dll
0x00007ffb6ef10000 - 0x00007ffb6f143000 	C:\WINDOWS\SYSTEM32\DBGHELP.DLL
0x00007ffb72500000 - 0x00007ffb72889000 	C:\WINDOWS\System32\combase.dll
0x00007ffb73690000 - 0x00007ffb73767000 	C:\WINDOWS\System32\OLEAUT32.dll
0x00007ffb5d000000 - 0x00007ffb5d032000 	C:\WINDOWS\SYSTEM32\dbgcore.DLL
0x00007ffb719a0000 - 0x00007ffb71a1a000 	C:\WINDOWS\System32\bcryptPrimitives.dll
0x00007ffb692b0000 - 0x00007ffb692d5000 	D:\IntelliJ IDEA Community Edition 2023.3.4\jbr\bin\java.dll

dbghelp: loaded successfully - version: 4.0.5 - missing functions: none
symbol engine: initialized successfully - sym options: 0x614 - pdb path: .;D:\IntelliJ IDEA Community Edition 2023.3.4\jbr\bin;C:\WINDOWS\SYSTEM32;C:\WINDOWS\WinSxS\amd64_microsoft.windows.common-controls_6595b64144ccf1df_6.0.22621.2506_none_270c5ae97388e100;D:\IntelliJ IDEA Community Edition 2023.3.4\jbr\bin\server

VM Arguments:
java_command: git4idea.http.GitAskPassApp Username for 'https://github.com': 
java_class_path (initial): D:/IntelliJ IDEA Community Edition 2023.3.4/plugins/vcs-git/lib/git4idea-rt.jar;D:/IntelliJ IDEA Community Edition 2023.3.4/lib/externalProcess-rt.jar
Launcher Type: SUN_STANDARD

[Global flags]
     intx CICompilerCount                          = 4                                         {product} {ergonomic}
     uint ConcGCThreads                            = 2                                         {product} {ergonomic}
     uint G1ConcRefinementThreads                  = 8                                         {product} {ergonomic}
   size_t G1HeapRegionSize                         = 1048576                                   {product} {ergonomic}
    uintx GCDrainStackTargetSize                   = 64                                        {product} {ergonomic}
   size_t InitialHeapSize                          = 132120576                                 {product} {ergonomic}
   size_t MarkStackSize                            = 4194304                                   {product} {ergonomic}
   size_t MaxHeapSize                              = 2095054848                                {product} {ergonomic}
   size_t MinHeapDeltaBytes                        = 1048576                                   {product} {ergonomic}
   size_t MinHeapSize                              = 8388608                                   {product} {ergonomic}
    uintx NonNMethodCodeHeapSize                   = 5839372                                {pd product} {ergonomic}
    uintx NonProfiledCodeHeapSize                  = 122909434                              {pd product} {ergonomic}
    uintx ProfiledCodeHeapSize                     = 122909434                              {pd product} {ergonomic}
    uintx ReservedCodeCacheSize                    = 251658240                              {pd product} {ergonomic}
     bool SegmentedCodeCache                       = true                                      {product} {ergonomic}
   size_t SoftMaxHeapSize                          = 2095054848                             {manageable} {ergonomic}
     bool UseCompressedClassPointers               = true                           {product lp64_product} {ergonomic}
     bool UseCompressedOops                        = true                           {product lp64_product} {ergonomic}
     bool UseG1GC                                  = true                                      {product} {ergonomic}
     bool UseLargePagesIndividualAllocation        = false                                  {pd product} {ergonomic}

Logging:
Log output configuration:
 #0: stdout all=warning uptime,level,tags
 #1: stderr all=off uptime,level,tags

Environment Variables:
PATH=C:\Program Files\Git\mingw64\libexec\git-core;C:\Program Files\Git\mingw64\libexec\git-core;C:\Program Files\Git\mingw64\bin;C:\Program Files\Git\usr\bin;C:\Users\adria\bin;C:\oraclexe\app\oracle\product\11.2.0\server\bin;C:\Program Files\Common Files\Oracle\Java\javapath;C:\Program Files (x86)\Common Files\Oracle\Java\javapath;C:\Windows\System32\HWAudioDriverLibs;C:\Windows\system32;C:\Windows;C:\Windows\System32\Wbem;C:\Windows\System32\WindowsPowerShell\v1.0;C:\Windows\System32\OpenSSH;C:\Users\Administrator\AppData\Local\Microsoft\WindowsApps;C:\Program Files\Git\cmd;C:\Program Files\PuTTY;C:\ProgramData\chocolatey\bin;C:\TDM-GCC-32\bin;C:\Program Files\Microsoft SQL Server\150\Tools\Binn;C:\Program Files\Microsoft\Web Platform Installer;C:\Program Files (x86)\Windows Kits\10\Windows Performance Toolkit;C:\Users\adria\.cargo\bin;C:\Users\adria\AppData\Local\Microsoft\WindowsApps;C:\msys64\mingw64\bin;C:\Users\adria\AppData\Local\JetBrains\Toolbox\scripts;C:\Users\adria\AppData\Local\Programs\Microsoft VS Code\bin;C:\Users\adria\.dotnet\tools;D:\New folder\miktex\bin\x64
USERNAME=adria
DISPLAY=:0.0
LC_ALL=en_US.UTF-8
TERM=xterm-256color
TMPDIR=C:\Users\adria\AppData\Local\Temp
OS=Windows_NT
PROCESSOR_IDENTIFIER=Intel64 Family 6 Model 140 Stepping 1, GenuineIntel
TMP=C:\Users\adria\AppData\Local\Temp
TEMP=C:\Users\adria\AppData\Local\Temp



Periodic native trim disabled

JNI global refs:
JNI global refs: 0, weak refs: 0

JNI global refs memory usage: 0, weak refs: 0

OOME stack traces (most recent first):
Classloader memory used:


---------------  S Y S T E M  ---------------

OS:
 Windows 11 , 64 bit Build 22621 (10.0.22621.3085)
OS uptime: 8 days 23:42 hours

CPU: total 8 (initial active 8) (4 cores per cpu, 2 threads per core) family 6 model 140 stepping 1 microcode 0x8a, cx8, cmov, fxsr, ht, mmx, 3dnowpref, sse, sse2, sse3, ssse3, sse4.1, sse4.2, popcnt, lzcnt, tsc, tscinvbit, avx, avx2, aes, erms, clmul, bmi1, bmi2, adx, avx512f, avx512dq, avx512cd, avx512bw, avx512vl, sha, fma, vzeroupper, avx512_vpopcntdq, avx512_vpclmulqdq, avx512_vaes, avx512_vnni, clflush, clflushopt, clwb, avx512_vbmi2, avx512_vbmi
Processor Information for all 8 processors :
  Max Mhz: 2419, Current Mhz: 2419, Mhz Limit: 2419

Memory: 4k page, system-wide physical 7991M (1159M free)
TotalPageFile size 11554M (AvailPageFile size 55M)
current process WorkingSet (physical memory assigned to process): 11M, peak: 11M
current process commit charge ("private bytes"): 60M, peak: 186M

vm_info: OpenJDK 64-Bit Server VM (17.0.10+1-b1087.17) for windows-amd64 JRE (17.0.10+1-b1087.17), built on 2024-01-19 by "builduser" with MS VC++ 16.10 / 16.11 (VS2019)

END.
